c:\users\belal\source\repos\dataparser\dataparser\x64\debug\vc143.pdb
c:\users\belal\source\repos\dataparser\dataparser\x64\debug\vc143.idb
c:\users\belal\source\repos\dataparser\dataparser\x64\debug\timestampcapture.obj
c:\users\belal\source\repos\dataparser\dataparser\x64\debug\dataparser.obj
c:\users\belal\onedrive\documents\github\matrixbeam_parser\dataparser\x64\debug\vc143.pdb
c:\users\belal\onedrive\documents\github\matrixbeam_parser\dataparser\x64\debug\vc143.idb
c:\users\belal\onedrive\documents\github\matrixbeam_parser\dataparser\x64\debug\objectcapture.obj
c:\users\belal\onedrive\documents\github\matrixbeam_parser\dataparser\x64\debug\dataparser.obj
c:\users\belal\onedrive\documents\github\matrixbeam_parser\dataparser\x64\debug\timestampcapture.obj
c:\users\belal\source\repos\dataparser\x64\debug\dataparser.exe
c:\users\belal\source\repos\dataparser\dataparser\x64\debug\dataparser.ilk
c:\users\belal\source\repos\dataparser\x64\debug\dataparser.pdb
c:\users\belal\onedrive\documents\github\matrixbeam_parser\x64\debug\dataparser.exe
c:\users\belal\onedrive\documents\github\matrixbeam_parser\dataparser\x64\debug\dataparser.ilk
c:\users\belal\onedrive\documents\github\matrixbeam_parser\x64\debug\dataparser.pdb
c:\users\belal\onedrive\documents\github\matrixbeam_parser\dataparser\x64\debug\timestampupdatechecker.obj
c:\users\belal\onedrive\documents\github\matrixbeam_parser\dataparser\x64\debug\dataparser.new.obj.enc
c:\users\belal\onedrive\documents\github\matrixbeam_parser\dataparser\x64\debug\dataparser.tlog\cl.command.1.tlog
c:\users\belal\onedrive\documents\github\matrixbeam_parser\dataparser\x64\debug\dataparser.tlog\cl.read.1.tlog
c:\users\belal\onedrive\documents\github\matrixbeam_parser\dataparser\x64\debug\dataparser.tlog\cl.write.1.tlog
c:\users\belal\onedrive\documents\github\matrixbeam_parser\dataparser\x64\debug\dataparser.tlog\link.command.1.tlog
c:\users\belal\onedrive\documents\github\matrixbeam_parser\dataparser\x64\debug\dataparser.tlog\link.read.1.tlog
c:\users\belal\onedrive\documents\github\matrixbeam_parser\dataparser\x64\debug\dataparser.tlog\link.write.1.tlog
